2021-08-02 09:22:39.385 [main] DEBUG com.github.JavacLMD.projectZero.controller.Database - Connection established to jdbc:mysql://localhost:3306/
2021-08-02 09:22:39.397 [main] DEBUG com.github.JavacLMD.projectZero.controller.Database - Established customer table from connection: com.mysql.cj.jdbc.ConnectionImpl@1ae67cad
2021-08-02 09:22:39.397 [main] DEBUG com.github.JavacLMD.projectZero.controller.Database - Established pet table from connection: com.mysql.cj.jdbc.ConnectionImpl@1ae67cad
2021-08-02 10:47:54.012 [main] DEBUG com.github.JavacLMD.projectZero.controller.Database - Connection established to jdbc:mysql://localhost:3306/
2021-08-02 10:47:54.020 [main] DEBUG com.github.JavacLMD.projectZero.controller.Database - Established customer table from connection: com.mysql.cj.jdbc.ConnectionImpl@66fdec9
2021-08-02 10:47:54.020 [main] DEBUG com.github.JavacLMD.projectZero.controller.Database - Established pet table from connection: com.mysql.cj.jdbc.ConnectionImpl@66fdec9
2021-08-02 10:48:22.401 [main] DEBUG com.github.JavacLMD.projectZero.controller.Database - Connection established to jdbc:mysql://localhost:3306/
2021-08-02 10:48:22.410 [main] DEBUG com.github.JavacLMD.projectZero.controller.Database - Established customer table from connection: com.mysql.cj.jdbc.ConnectionImpl@66fdec9
2021-08-02 10:48:22.411 [main] DEBUG com.github.JavacLMD.projectZero.controller.Database - Established pet table from connection: com.mysql.cj.jdbc.ConnectionImpl@66fdec9
2021-08-02 10:51:33.723 [main] DEBUG com.github.JavacLMD.projectZero.controller.Database - Connection established to jdbc:mysql://localhost:3306/
2021-08-02 10:51:33.730 [main] DEBUG com.github.JavacLMD.projectZero.controller.Database - Established customer table from connection: com.mysql.cj.jdbc.ConnectionImpl@66fdec9
2021-08-02 10:51:33.731 [main] DEBUG com.github.JavacLMD.projectZero.controller.Database - Established pet table from connection: com.mysql.cj.jdbc.ConnectionImpl@66fdec9
2021-08-02 10:52:05.781 [main] DEBUG com.github.JavacLMD.projectZero.controller.Database - Connection established to jdbc:mysql://localhost:3306/
2021-08-02 10:52:05.789 [main] DEBUG com.github.JavacLMD.projectZero.controller.Database - Established customer table from connection: com.mysql.cj.jdbc.ConnectionImpl@66fdec9
2021-08-02 10:52:05.790 [main] DEBUG com.github.JavacLMD.projectZero.controller.Database - Established pet table from connection: com.mysql.cj.jdbc.ConnectionImpl@66fdec9
2021-08-02 10:53:36.726 [main] DEBUG com.github.JavacLMD.projectZero.controller.Database - Connection established to jdbc:mysql://localhost:3306/
2021-08-02 10:53:36.735 [main] DEBUG com.github.JavacLMD.projectZero.controller.Database - Established customer table from connection: com.mysql.cj.jdbc.ConnectionImpl@66fdec9
2021-08-02 10:53:36.735 [main] DEBUG com.github.JavacLMD.projectZero.controller.Database - Established pet table from connection: com.mysql.cj.jdbc.ConnectionImpl@66fdec9
2021-08-02 10:54:10.348 [main] DEBUG com.github.JavacLMD.projectZero.controller.Database - Connection established to jdbc:mysql://localhost:3306/
2021-08-02 10:54:10.356 [main] DEBUG com.github.JavacLMD.projectZero.controller.Database - Established customer table from connection: com.mysql.cj.jdbc.ConnectionImpl@66fdec9
2021-08-02 10:54:10.356 [main] DEBUG com.github.JavacLMD.projectZero.controller.Database - Established pet table from connection: com.mysql.cj.jdbc.ConnectionImpl@66fdec9
2021-08-02 11:01:24.698 [main] DEBUG com.github.JavacLMD.projectZero.controller.Database - Connection established to jdbc:mysql://localhost:3306/
2021-08-02 11:01:24.705 [main] DEBUG com.github.JavacLMD.projectZero.controller.Database - Established customer table from connection: com.mysql.cj.jdbc.ConnectionImpl@66fdec9
2021-08-02 11:01:24.705 [main] DEBUG com.github.JavacLMD.projectZero.controller.Database - Established pet table from connection: com.mysql.cj.jdbc.ConnectionImpl@66fdec9
2021-08-02 11:01:43.822 [main] DEBUG com.github.JavacLMD.projectZero.controller.Database - Connection established to jdbc:mysql://localhost:3306/
2021-08-02 11:01:43.830 [main] DEBUG com.github.JavacLMD.projectZero.controller.Database - Established customer table from connection: com.mysql.cj.jdbc.ConnectionImpl@66fdec9
2021-08-02 11:01:43.830 [main] DEBUG com.github.JavacLMD.projectZero.controller.Database - Established pet table from connection: com.mysql.cj.jdbc.ConnectionImpl@66fdec9
2021-08-02 11:17:13.407 [main] DEBUG com.github.JavacLMD.projectZero.controller.Database - Connection established to jdbc:mysql://localhost:3306/
2021-08-02 11:17:13.414 [main] DEBUG com.github.JavacLMD.projectZero.controller.Database - Established customer table from connection: com.mysql.cj.jdbc.ConnectionImpl@57abad67
2021-08-02 11:17:13.415 [main] DEBUG com.github.JavacLMD.projectZero.controller.Database - Established pet table from connection: com.mysql.cj.jdbc.ConnectionImpl@57abad67
2021-08-02 11:17:13.454 [main] ERROR com.github.JavacLMD.projectZero.controller.Database - java.sql.SQLException: Before start of result set
2021-08-02 11:19:18.601 [main] DEBUG com.github.JavacLMD.projectZero.controller.Database - Connection established to jdbc:mysql://localhost:3306/
2021-08-02 11:19:18.609 [main] DEBUG com.github.JavacLMD.projectZero.controller.Database - Established customer table from connection: com.mysql.cj.jdbc.ConnectionImpl@57abad67
2021-08-02 11:19:18.609 [main] DEBUG com.github.JavacLMD.projectZero.controller.Database - Established pet table from connection: com.mysql.cj.jdbc.ConnectionImpl@57abad67
2021-08-02 11:19:18.635 [main] ERROR com.github.JavacLMD.projectZero.controller.Database - java.sql.SQLException: Before start of result set
2021-08-02 11:19:58.043 [main] DEBUG com.github.JavacLMD.projectZero.controller.Database - Connection established to jdbc:mysql://localhost:3306/
2021-08-02 11:19:58.050 [main] DEBUG com.github.JavacLMD.projectZero.controller.Database - Established customer table from connection: com.mysql.cj.jdbc.ConnectionImpl@57abad67
2021-08-02 11:19:58.050 [main] DEBUG com.github.JavacLMD.projectZero.controller.Database - Established pet table from connection: com.mysql.cj.jdbc.ConnectionImpl@57abad67
2021-08-02 11:19:58.079 [main] ERROR com.github.JavacLMD.projectZero.controller.Database - java.sql.SQLException: Before start of result set
2021-08-02 11:20:35.412 [main] DEBUG com.github.JavacLMD.projectZero.controller.Database - Connection established to jdbc:mysql://localhost:3306/
2021-08-02 11:20:35.420 [main] DEBUG com.github.JavacLMD.projectZero.controller.Database - Established customer table from connection: com.mysql.cj.jdbc.ConnectionImpl@57abad67
2021-08-02 11:20:35.421 [main] DEBUG com.github.JavacLMD.projectZero.controller.Database - Established pet table from connection: com.mysql.cj.jdbc.ConnectionImpl@57abad67
2021-08-02 11:20:35.450 [main] ERROR com.github.JavacLMD.projectZero.controller.Database - java.sql.SQLException: Before start of result set
2021-08-02 11:22:16.625 [main] DEBUG com.github.JavacLMD.projectZero.controller.Database - Connection established to jdbc:mysql://localhost:3306/
2021-08-02 11:22:16.634 [main] DEBUG com.github.JavacLMD.projectZero.controller.Database - Established customer table from connection: com.mysql.cj.jdbc.ConnectionImpl@57abad67
2021-08-02 11:22:16.634 [main] DEBUG com.github.JavacLMD.projectZero.controller.Database - Established pet table from connection: com.mysql.cj.jdbc.ConnectionImpl@57abad67
2021-08-02 11:22:16.663 [main] ERROR com.github.JavacLMD.projectZero.controller.Database - java.sql.SQLException: Before start of result set
2021-08-02 11:25:59.785 [main] DEBUG com.github.JavacLMD.projectZero.controller.Database - Connection established to jdbc:mysql://localhost:3306/
2021-08-02 11:25:59.793 [main] DEBUG com.github.JavacLMD.projectZero.controller.Database - Established customer table from connection: com.mysql.cj.jdbc.ConnectionImpl@57abad67
2021-08-02 11:25:59.794 [main] DEBUG com.github.JavacLMD.projectZero.controller.Database - Established pet table from connection: com.mysql.cj.jdbc.ConnectionImpl@57abad67
2021-08-02 11:25:59.818 [main] ERROR com.github.JavacLMD.projectZero.controller.Database - java.sql.SQLException: Before start of result set
2021-08-02 11:27:19.929 [main] DEBUG com.github.JavacLMD.projectZero.controller.Database - Connection established to jdbc:mysql://localhost:3306/
2021-08-02 11:27:19.937 [main] DEBUG com.github.JavacLMD.projectZero.controller.Database - Established customer table from connection: com.mysql.cj.jdbc.ConnectionImpl@57abad67
2021-08-02 11:27:19.937 [main] DEBUG com.github.JavacLMD.projectZero.controller.Database - Established pet table from connection: com.mysql.cj.jdbc.ConnectionImpl@57abad67
2021-08-02 11:30:10.849 [main] DEBUG com.github.JavacLMD.projectZero.controller.Database - Connection established to jdbc:mysql://localhost:3306/
2021-08-02 11:30:10.857 [main] DEBUG com.github.JavacLMD.projectZero.controller.Database - Established customer table from connection: com.mysql.cj.jdbc.ConnectionImpl@52851b44
2021-08-02 11:30:10.858 [main] DEBUG com.github.JavacLMD.projectZero.controller.Database - Established pet table from connection: com.mysql.cj.jdbc.ConnectionImpl@52851b44
2021-08-02 11:40:36.876 [main] DEBUG com.github.JavacLMD.projectZero.controller.Database - Connection established to jdbc:mysql://localhost:3306/
2021-08-02 11:40:36.886 [main] DEBUG com.github.JavacLMD.projectZero.controller.Database - Established customer table from connection: com.mysql.cj.jdbc.ConnectionImpl@52851b44
2021-08-02 11:40:36.886 [main] DEBUG com.github.JavacLMD.projectZero.controller.Database - Established pet table from connection: com.mysql.cj.jdbc.ConnectionImpl@52851b44
2021-08-02 11:41:00.846 [main] DEBUG com.github.JavacLMD.projectZero.controller.Database - Connection established to jdbc:mysql://localhost:3306/
2021-08-02 11:41:00.854 [main] DEBUG com.github.JavacLMD.projectZero.controller.Database - Established customer table from connection: com.mysql.cj.jdbc.ConnectionImpl@52851b44
2021-08-02 11:41:00.855 [main] DEBUG com.github.JavacLMD.projectZero.controller.Database - Established pet table from connection: com.mysql.cj.jdbc.ConnectionImpl@52851b44
2021-08-02 11:43:56.562 [main] DEBUG com.github.JavacLMD.projectZero.controller.Database - Connection established to jdbc:mysql://localhost:3306/
2021-08-02 11:43:56.569 [main] DEBUG com.github.JavacLMD.projectZero.controller.Database - Established customer table from connection: com.mysql.cj.jdbc.ConnectionImpl@52851b44
2021-08-02 11:43:56.570 [main] DEBUG com.github.JavacLMD.projectZero.controller.Database - Established pet table from connection: com.mysql.cj.jdbc.ConnectionImpl@52851b44
2021-08-02 11:44:22.936 [main] DEBUG com.github.JavacLMD.projectZero.controller.Database - Connection established to jdbc:mysql://localhost:3306/
2021-08-02 11:44:22.944 [main] DEBUG com.github.JavacLMD.projectZero.controller.Database - Established customer table from connection: com.mysql.cj.jdbc.ConnectionImpl@52851b44
2021-08-02 11:44:22.944 [main] DEBUG com.github.JavacLMD.projectZero.controller.Database - Established pet table from connection: com.mysql.cj.jdbc.ConnectionImpl@52851b44
2021-08-02 11:46:22.975 [main] DEBUG com.github.JavacLMD.projectZero.controller.Database - Connection established to jdbc:mysql://localhost:3306/
2021-08-02 11:46:22.983 [main] DEBUG com.github.JavacLMD.projectZero.controller.Database - Established customer table from connection: com.mysql.cj.jdbc.ConnectionImpl@52851b44
2021-08-02 11:46:22.983 [main] DEBUG com.github.JavacLMD.projectZero.controller.Database - Established pet table from connection: com.mysql.cj.jdbc.ConnectionImpl@52851b44
2021-08-02 11:50:37.076 [main] DEBUG com.github.JavacLMD.projectZero.controller.Database - Connection established to jdbc:mysql://localhost:3306/
2021-08-02 11:50:37.086 [main] DEBUG com.github.JavacLMD.projectZero.controller.Database - Established customer table from connection: com.mysql.cj.jdbc.ConnectionImpl@52851b44
2021-08-02 11:50:37.086 [main] DEBUG com.github.JavacLMD.projectZero.controller.Database - Established pet table from connection: com.mysql.cj.jdbc.ConnectionImpl@52851b44
2021-08-02 11:50:37.113 [main] ERROR com.github.JavacLMD.projectZero.controller.Database - java.sql.SQLException: Before start of result set
2021-08-02 11:53:38.663 [main] DEBUG com.github.JavacLMD.projectZero.controller.Database - Connection established to jdbc:mysql://localhost:3306/
2021-08-02 11:53:38.673 [main] DEBUG com.github.JavacLMD.projectZero.controller.Database - Established customer table from connection: com.mysql.cj.jdbc.ConnectionImpl@52851b44
2021-08-02 11:53:38.673 [main] DEBUG com.github.JavacLMD.projectZero.controller.Database - Established pet table from connection: com.mysql.cj.jdbc.ConnectionImpl@52851b44
2021-08-02 11:53:51.023 [main] DEBUG com.github.JavacLMD.projectZero.controller.Database - Connection established to jdbc:mysql://localhost:3306/
2021-08-02 11:53:51.032 [main] DEBUG com.github.JavacLMD.projectZero.controller.Database - Established customer table from connection: com.mysql.cj.jdbc.ConnectionImpl@52851b44
2021-08-02 11:53:51.033 [main] DEBUG com.github.JavacLMD.projectZero.controller.Database - Established pet table from connection: com.mysql.cj.jdbc.ConnectionImpl@52851b44
2021-08-02 11:59:04.962 [main] DEBUG com.github.JavacLMD.projectZero.controller.Database - Connection established to jdbc:mysql://localhost:3306/
2021-08-02 11:59:04.969 [main] DEBUG com.github.JavacLMD.projectZero.controller.Database - Established customer table from connection: com.mysql.cj.jdbc.ConnectionImpl@52851b44
2021-08-02 11:59:04.970 [main] DEBUG com.github.JavacLMD.projectZero.controller.Database - Established pet table from connection: com.mysql.cj.jdbc.ConnectionImpl@52851b44
2021-08-02 11:59:26.829 [main] DEBUG com.github.JavacLMD.projectZero.controller.Database - Connection established to jdbc:mysql://localhost:3306/
2021-08-02 11:59:26.836 [main] DEBUG com.github.JavacLMD.projectZero.controller.Database - Established customer table from connection: com.mysql.cj.jdbc.ConnectionImpl@52851b44
2021-08-02 11:59:26.837 [main] DEBUG com.github.JavacLMD.projectZero.controller.Database - Established pet table from connection: com.mysql.cj.jdbc.ConnectionImpl@52851b44
2021-08-02 12:00:33.725 [main] DEBUG com.github.JavacLMD.projectZero.controller.Database - Connection established to jdbc:mysql://localhost:3306/
2021-08-02 12:00:33.733 [main] DEBUG com.github.JavacLMD.projectZero.controller.Database - Established customer table from connection: com.mysql.cj.jdbc.ConnectionImpl@52851b44
2021-08-02 12:00:33.733 [main] DEBUG com.github.JavacLMD.projectZero.controller.Database - Established pet table from connection: com.mysql.cj.jdbc.ConnectionImpl@52851b44
2021-08-02 12:00:58.482 [main] DEBUG com.github.JavacLMD.projectZero.controller.Database - Connection established to jdbc:mysql://localhost:3306/
2021-08-02 12:00:58.491 [main] DEBUG com.github.JavacLMD.projectZero.controller.Database - Established customer table from connection: com.mysql.cj.jdbc.ConnectionImpl@52851b44
2021-08-02 12:00:58.492 [main] DEBUG com.github.JavacLMD.projectZero.controller.Database - Established pet table from connection: com.mysql.cj.jdbc.ConnectionImpl@52851b44
2021-08-02 12:01:20.140 [main] DEBUG com.github.JavacLMD.projectZero.controller.Database - Connection established to jdbc:mysql://localhost:3306/
2021-08-02 12:01:20.148 [main] DEBUG com.github.JavacLMD.projectZero.controller.Database - Established customer table from connection: com.mysql.cj.jdbc.ConnectionImpl@66fdec9
2021-08-02 12:01:20.149 [main] DEBUG com.github.JavacLMD.projectZero.controller.Database - Established pet table from connection: com.mysql.cj.jdbc.ConnectionImpl@66fdec9
2021-08-02 12:04:40.338 [main] DEBUG com.github.JavacLMD.projectZero.controller.Database - Connection established to jdbc:mysql://localhost:3306/
2021-08-02 12:04:40.346 [main] DEBUG com.github.JavacLMD.projectZero.controller.Database - Established customer table from connection: com.mysql.cj.jdbc.ConnectionImpl@66fdec9
2021-08-02 12:04:40.346 [main] DEBUG com.github.JavacLMD.projectZero.controller.Database - Established pet table from connection: com.mysql.cj.jdbc.ConnectionImpl@66fdec9
2021-08-02 12:32:30.210 [main] DEBUG com.github.JavacLMD.projectZero.controller.Database - Connection established to jdbc:mysql://localhost:3306/
2021-08-02 12:32:30.217 [main] DEBUG com.github.JavacLMD.projectZero.controller.Database - Established customer table from connection: com.mysql.cj.jdbc.ConnectionImpl@66fdec9
2021-08-02 12:32:30.218 [main] DEBUG com.github.JavacLMD.projectZero.controller.Database - Established pet table from connection: com.mysql.cj.jdbc.ConnectionImpl@66fdec9
2021-08-02 12:42:24.855 [main] DEBUG com.github.JavacLMD.projectZero.controller.Database - Connection established to jdbc:mysql://localhost:3306/
2021-08-02 12:42:24.862 [main] DEBUG com.github.JavacLMD.projectZero.controller.Database - Established customer table from connection: com.mysql.cj.jdbc.ConnectionImpl@57abad67
2021-08-02 12:42:24.863 [main] DEBUG com.github.JavacLMD.projectZero.controller.Database - Established pet table from connection: com.mysql.cj.jdbc.ConnectionImpl@57abad67
2021-08-02 12:47:10.539 [main] DEBUG com.github.JavacLMD.projectZero.controller.Database - Connection established to jdbc:mysql://localhost:3306/
2021-08-02 12:47:10.547 [main] DEBUG com.github.JavacLMD.projectZero.controller.Database - Established customer table from connection: com.mysql.cj.jdbc.ConnectionImpl@57abad67
2021-08-02 12:47:10.548 [main] DEBUG com.github.JavacLMD.projectZero.controller.Database - Established pet table from connection: com.mysql.cj.jdbc.ConnectionImpl@57abad67
2021-08-02 12:48:00.304 [main] DEBUG com.github.JavacLMD.projectZero.controller.Database - Connection established to jdbc:mysql://localhost:3306/
2021-08-02 12:48:00.312 [main] DEBUG com.github.JavacLMD.projectZero.controller.Database - Established customer table from connection: com.mysql.cj.jdbc.ConnectionImpl@57abad67
2021-08-02 12:48:00.313 [main] DEBUG com.github.JavacLMD.projectZero.controller.Database - Established pet table from connection: com.mysql.cj.jdbc.ConnectionImpl@57abad67
2021-08-02 12:51:03.103 [main] DEBUG com.github.JavacLMD.projectZero.controller.Database - Connection established to jdbc:mysql://localhost:3306/
2021-08-02 12:51:03.110 [main] DEBUG com.github.JavacLMD.projectZero.controller.Database - Established customer table from connection: com.mysql.cj.jdbc.ConnectionImpl@57abad67
2021-08-02 12:51:03.110 [main] DEBUG com.github.JavacLMD.projectZero.controller.Database - Established pet table from connection: com.mysql.cj.jdbc.ConnectionImpl@57abad67
2021-08-02 12:51:20.101 [main] DEBUG com.github.JavacLMD.projectZero.controller.Database - Connection established to jdbc:mysql://localhost:3306/
2021-08-02 12:51:20.108 [main] DEBUG com.github.JavacLMD.projectZero.controller.Database - Established customer table from connection: com.mysql.cj.jdbc.ConnectionImpl@2a640157
2021-08-02 12:51:20.108 [main] DEBUG com.github.JavacLMD.projectZero.controller.Database - Established pet table from connection: com.mysql.cj.jdbc.ConnectionImpl@2a640157
2021-08-02 12:51:27.950 [main] DEBUG com.github.JavacLMD.projectZero.controller.Database - Connection established to jdbc:mysql://localhost:3306/
2021-08-02 12:51:27.957 [main] DEBUG com.github.JavacLMD.projectZero.controller.Database - Established customer table from connection: com.mysql.cj.jdbc.ConnectionImpl@2a640157
2021-08-02 12:51:27.957 [main] DEBUG com.github.JavacLMD.projectZero.controller.Database - Established pet table from connection: com.mysql.cj.jdbc.ConnectionImpl@2a640157
2021-08-02 12:51:58.303 [main] DEBUG com.github.JavacLMD.projectZero.controller.Database - Connection established to jdbc:mysql://localhost:3306/
2021-08-02 12:51:58.311 [main] DEBUG com.github.JavacLMD.projectZero.controller.Database - Established customer table from connection: com.mysql.cj.jdbc.ConnectionImpl@5d8bafa9
2021-08-02 12:51:58.312 [main] DEBUG com.github.JavacLMD.projectZero.controller.Database - Established pet table from connection: com.mysql.cj.jdbc.ConnectionImpl@5d8bafa9
2021-08-02 12:52:12.465 [main] DEBUG com.github.JavacLMD.projectZero.controller.Database - Connection established to jdbc:mysql://localhost:3306/
2021-08-02 12:52:12.472 [main] DEBUG com.github.JavacLMD.projectZero.controller.Database - Established customer table from connection: com.mysql.cj.jdbc.ConnectionImpl@57abad67
2021-08-02 12:52:12.472 [main] DEBUG com.github.JavacLMD.projectZero.controller.Database - Established pet table from connection: com.mysql.cj.jdbc.ConnectionImpl@57abad67
2021-08-02 12:52:35.076 [main] DEBUG com.github.JavacLMD.projectZero.controller.Database - Connection established to jdbc:mysql://localhost:3306/
2021-08-02 12:52:35.084 [main] DEBUG com.github.JavacLMD.projectZero.controller.Database - Established customer table from connection: com.mysql.cj.jdbc.ConnectionImpl@57abad67
2021-08-02 12:52:35.085 [main] DEBUG com.github.JavacLMD.projectZero.controller.Database - Established pet table from connection: com.mysql.cj.jdbc.ConnectionImpl@57abad67
2021-08-02 12:53:48.304 [main] DEBUG com.github.JavacLMD.projectZero.controller.Database - Connection established to jdbc:mysql://localhost:3306/
2021-08-02 12:53:48.312 [main] DEBUG com.github.JavacLMD.projectZero.controller.Database - Established customer table from connection: com.mysql.cj.jdbc.ConnectionImpl@57abad67
2021-08-02 12:53:48.312 [main] DEBUG com.github.JavacLMD.projectZero.controller.Database - Established pet table from connection: com.mysql.cj.jdbc.ConnectionImpl@57abad67
2021-08-02 12:54:05.299 [main] DEBUG com.github.JavacLMD.projectZero.controller.Database - Connection established to jdbc:mysql://localhost:3306/
2021-08-02 12:54:05.314 [main] DEBUG com.github.JavacLMD.projectZero.controller.Database - Established customer table from connection: com.mysql.cj.jdbc.ConnectionImpl@35d08e6c
2021-08-02 12:54:05.315 [main] DEBUG com.github.JavacLMD.projectZero.controller.Database - Established pet table from connection: com.mysql.cj.jdbc.ConnectionImpl@35d08e6c
2021-08-02 12:57:06.455 [main] DEBUG com.github.JavacLMD.projectZero.controller.Database - Connection established to jdbc:mysql://localhost:3306/
2021-08-02 12:57:06.462 [main] DEBUG com.github.JavacLMD.projectZero.controller.Database - Established customer table from connection: com.mysql.cj.jdbc.ConnectionImpl@584f54e6
2021-08-02 12:57:06.463 [main] DEBUG com.github.JavacLMD.projectZero.controller.Database - Established pet table from connection: com.mysql.cj.jdbc.ConnectionImpl@584f54e6
2021-08-02 12:57:28.465 [main] DEBUG com.github.JavacLMD.projectZero.controller.Database - Connection established to jdbc:mysql://localhost:3306/
2021-08-02 12:57:28.473 [main] DEBUG com.github.JavacLMD.projectZero.controller.Database - Established customer table from connection: com.mysql.cj.jdbc.ConnectionImpl@52851b44
2021-08-02 12:57:28.473 [main] DEBUG com.github.JavacLMD.projectZero.controller.Database - Established pet table from connection: com.mysql.cj.jdbc.ConnectionImpl@52851b44
2021-08-02 12:58:02.992 [main] DEBUG com.github.JavacLMD.projectZero.controller.Database - Connection established to jdbc:mysql://localhost:3306/
2021-08-02 12:58:03.000 [main] DEBUG com.github.JavacLMD.projectZero.controller.Database - Established customer table from connection: com.mysql.cj.jdbc.ConnectionImpl@57abad67
2021-08-02 12:58:03.000 [main] DEBUG com.github.JavacLMD.projectZero.controller.Database - Established pet table from connection: com.mysql.cj.jdbc.ConnectionImpl@57abad67
2021-08-02 12:58:14.541 [main] DEBUG com.github.JavacLMD.projectZero.controller.Database - Connection established to jdbc:mysql://localhost:3306/
2021-08-02 12:58:14.549 [main] DEBUG com.github.JavacLMD.projectZero.controller.Database - Established customer table from connection: com.mysql.cj.jdbc.ConnectionImpl@57abad67
2021-08-02 12:58:14.550 [main] DEBUG com.github.JavacLMD.projectZero.controller.Database - Established pet table from connection: com.mysql.cj.jdbc.ConnectionImpl@57abad67
2021-08-02 12:59:47.821 [main] DEBUG com.github.JavacLMD.projectZero.controller.Database - Connection established to jdbc:mysql://localhost:3306/
2021-08-02 12:59:47.829 [main] DEBUG com.github.JavacLMD.projectZero.controller.Database - Established customer table from connection: com.mysql.cj.jdbc.ConnectionImpl@5d8bafa9
2021-08-02 12:59:47.830 [main] DEBUG com.github.JavacLMD.projectZero.controller.Database - Established pet table from connection: com.mysql.cj.jdbc.ConnectionImpl@5d8bafa9
2021-08-02 12:59:58.640 [main] DEBUG com.github.JavacLMD.projectZero.controller.Database - Connection established to jdbc:mysql://localhost:3306/
2021-08-02 12:59:58.647 [main] DEBUG com.github.JavacLMD.projectZero.controller.Database - Established customer table from connection: com.mysql.cj.jdbc.ConnectionImpl@5d8bafa9
2021-08-02 12:59:58.648 [main] DEBUG com.github.JavacLMD.projectZero.controller.Database - Established pet table from connection: com.mysql.cj.jdbc.ConnectionImpl@5d8bafa9
2021-08-02 13:00:22.871 [main] DEBUG com.github.JavacLMD.projectZero.controller.Database - Connection established to jdbc:mysql://localhost:3306/
2021-08-02 13:00:22.878 [main] DEBUG com.github.JavacLMD.projectZero.controller.Database - Established customer table from connection: com.mysql.cj.jdbc.ConnectionImpl@57abad67
2021-08-02 13:00:22.879 [main] DEBUG com.github.JavacLMD.projectZero.controller.Database - Established pet table from connection: com.mysql.cj.jdbc.ConnectionImpl@57abad67
2021-08-02 13:01:05.705 [main] DEBUG com.github.JavacLMD.projectZero.controller.Database - Connection established to jdbc:mysql://localhost:3306/
2021-08-02 13:01:05.713 [main] DEBUG com.github.JavacLMD.projectZero.controller.Database - Established customer table from connection: com.mysql.cj.jdbc.ConnectionImpl@57abad67
2021-08-02 13:01:05.713 [main] DEBUG com.github.JavacLMD.projectZero.controller.Database - Established pet table from connection: com.mysql.cj.jdbc.ConnectionImpl@57abad67
2021-08-02 13:01:26.043 [main] DEBUG com.github.JavacLMD.projectZero.controller.Database - Connection established to jdbc:mysql://localhost:3306/
2021-08-02 13:01:26.050 [main] DEBUG com.github.JavacLMD.projectZero.controller.Database - Established customer table from connection: com.mysql.cj.jdbc.ConnectionImpl@57abad67
2021-08-02 13:01:26.050 [main] DEBUG com.github.JavacLMD.projectZero.controller.Database - Established pet table from connection: com.mysql.cj.jdbc.ConnectionImpl@57abad67
2021-08-02 13:02:06.262 [main] DEBUG com.github.JavacLMD.projectZero.controller.Database - Connection established to jdbc:mysql://localhost:3306/
2021-08-02 13:02:06.270 [main] DEBUG com.github.JavacLMD.projectZero.controller.Database - Established customer table from connection: com.mysql.cj.jdbc.ConnectionImpl@5d8bafa9
2021-08-02 13:02:06.271 [main] DEBUG com.github.JavacLMD.projectZero.controller.Database - Established pet table from connection: com.mysql.cj.jdbc.ConnectionImpl@5d8bafa9
2021-08-02 13:02:19.727 [main] DEBUG com.github.JavacLMD.projectZero.controller.Database - Connection established to jdbc:mysql://localhost:3306/
2021-08-02 13:02:19.735 [main] DEBUG com.github.JavacLMD.projectZero.controller.Database - Established customer table from connection: com.mysql.cj.jdbc.ConnectionImpl@5d8bafa9
2021-08-02 13:02:19.736 [main] DEBUG com.github.JavacLMD.projectZero.controller.Database - Established pet table from connection: com.mysql.cj.jdbc.ConnectionImpl@5d8bafa9
2021-08-02 13:04:32.335 [main] DEBUG com.github.JavacLMD.projectZero.controller.Database - Connection established to jdbc:mysql://localhost:3306/
2021-08-02 13:04:32.342 [main] DEBUG com.github.JavacLMD.projectZero.controller.Database - Established customer table from connection: com.mysql.cj.jdbc.ConnectionImpl@57abad67
2021-08-02 13:04:32.342 [main] DEBUG com.github.JavacLMD.projectZero.controller.Database - Established pet table from connection: com.mysql.cj.jdbc.ConnectionImpl@57abad67
2021-08-02 13:05:22.686 [main] DEBUG com.github.JavacLMD.projectZero.controller.Database - Connection established to jdbc:mysql://localhost:3306/
2021-08-02 13:05:22.693 [main] DEBUG com.github.JavacLMD.projectZero.controller.Database - Established customer table from connection: com.mysql.cj.jdbc.ConnectionImpl@57abad67
2021-08-02 13:05:22.694 [main] DEBUG com.github.JavacLMD.projectZero.controller.Database - Established pet table from connection: com.mysql.cj.jdbc.ConnectionImpl@57abad67
2021-08-02 13:05:44.841 [main] DEBUG com.github.JavacLMD.projectZero.controller.Database - Connection established to jdbc:mysql://localhost:3306/
2021-08-02 13:05:44.848 [main] DEBUG com.github.JavacLMD.projectZero.controller.Database - Established customer table from connection: com.mysql.cj.jdbc.ConnectionImpl@57abad67
2021-08-02 13:05:44.848 [main] DEBUG com.github.JavacLMD.projectZero.controller.Database - Established pet table from connection: com.mysql.cj.jdbc.ConnectionImpl@57abad67
2021-08-02 13:07:46.128 [main] DEBUG com.github.JavacLMD.projectZero.controller.Database - Connection established to jdbc:mysql://localhost:3306/
2021-08-02 13:07:46.135 [main] DEBUG com.github.JavacLMD.projectZero.controller.Database - Established customer table from connection: com.mysql.cj.jdbc.ConnectionImpl@57abad67
2021-08-02 13:07:46.135 [main] DEBUG com.github.JavacLMD.projectZero.controller.Database - Established pet table from connection: com.mysql.cj.jdbc.ConnectionImpl@57abad67
2021-08-02 13:08:05.450 [main] DEBUG com.github.JavacLMD.projectZero.controller.Database - Connection established to jdbc:mysql://localhost:3306/
2021-08-02 13:08:05.457 [main] DEBUG com.github.JavacLMD.projectZero.controller.Database - Established customer table from connection: com.mysql.cj.jdbc.ConnectionImpl@57abad67
2021-08-02 13:08:05.458 [main] DEBUG com.github.JavacLMD.projectZero.controller.Database - Established pet table from connection: com.mysql.cj.jdbc.ConnectionImpl@57abad67
2021-08-02 13:08:17.087 [main] DEBUG com.github.JavacLMD.projectZero.controller.Database - Connection established to jdbc:mysql://localhost:3306/
2021-08-02 13:08:17.094 [main] DEBUG com.github.JavacLMD.projectZero.controller.Database - Established customer table from connection: com.mysql.cj.jdbc.ConnectionImpl@57abad67
2021-08-02 13:08:17.095 [main] DEBUG com.github.JavacLMD.projectZero.controller.Database - Established pet table from connection: com.mysql.cj.jdbc.ConnectionImpl@57abad67
2021-08-02 13:08:29.144 [main] DEBUG com.github.JavacLMD.projectZero.controller.Database - Connection established to jdbc:mysql://localhost:3306/
2021-08-02 13:08:29.151 [main] DEBUG com.github.JavacLMD.projectZero.controller.Database - Established customer table from connection: com.mysql.cj.jdbc.ConnectionImpl@57abad67
2021-08-02 13:08:29.151 [main] DEBUG com.github.JavacLMD.projectZero.controller.Database - Established pet table from connection: com.mysql.cj.jdbc.ConnectionImpl@57abad67
2021-08-02 13:11:57.899 [main] DEBUG com.github.JavacLMD.projectZero.controller.Database - Connection established to jdbc:mysql://localhost:3306/
2021-08-02 13:11:57.907 [main] DEBUG com.github.JavacLMD.projectZero.controller.Database - Established customer table from connection: com.mysql.cj.jdbc.ConnectionImpl@57abad67
2021-08-02 13:11:57.907 [main] DEBUG com.github.JavacLMD.projectZero.controller.Database - Established pet table from connection: com.mysql.cj.jdbc.ConnectionImpl@57abad67
2021-08-02 13:16:10.380 [main] DEBUG com.github.JavacLMD.projectZero.controller.Database - Connection established to jdbc:mysql://localhost:3306/
2021-08-02 13:16:10.387 [main] DEBUG com.github.JavacLMD.projectZero.controller.Database - Established customer table from connection: com.mysql.cj.jdbc.ConnectionImpl@57abad67
2021-08-02 13:16:10.387 [main] DEBUG com.github.JavacLMD.projectZero.controller.Database - Established pet table from connection: com.mysql.cj.jdbc.ConnectionImpl@57abad67
2021-08-02 13:16:46.579 [main] DEBUG com.github.JavacLMD.projectZero.controller.Database - Connection established to jdbc:mysql://localhost:3306/
2021-08-02 13:16:46.586 [main] DEBUG com.github.JavacLMD.projectZero.controller.Database - Established customer table from connection: com.mysql.cj.jdbc.ConnectionImpl@57abad67
2021-08-02 13:16:46.586 [main] DEBUG com.github.JavacLMD.projectZero.controller.Database - Established pet table from connection: com.mysql.cj.jdbc.ConnectionImpl@57abad67
2021-08-02 13:17:38.101 [main] DEBUG com.github.JavacLMD.projectZero.controller.Database - Connection established to jdbc:mysql://localhost:3306/
2021-08-02 13:17:38.108 [main] DEBUG com.github.JavacLMD.projectZero.controller.Database - Established customer table from connection: com.mysql.cj.jdbc.ConnectionImpl@57abad67
2021-08-02 13:17:38.109 [main] DEBUG com.github.JavacLMD.projectZero.controller.Database - Established pet table from connection: com.mysql.cj.jdbc.ConnectionImpl@57abad67
2021-08-02 13:18:20.055 [main] DEBUG com.github.JavacLMD.projectZero.controller.Database - Connection established to jdbc:mysql://localhost:3306/
2021-08-02 13:18:20.063 [main] DEBUG com.github.JavacLMD.projectZero.controller.Database - Established customer table from connection: com.mysql.cj.jdbc.ConnectionImpl@57abad67
2021-08-02 13:18:20.063 [main] DEBUG com.github.JavacLMD.projectZero.controller.Database - Established pet table from connection: com.mysql.cj.jdbc.ConnectionImpl@57abad67
2021-08-02 13:19:49.804 [main] DEBUG com.github.JavacLMD.projectZero.controller.Database - Connection established to jdbc:mysql://localhost:3306/
2021-08-02 13:19:49.811 [main] DEBUG com.github.JavacLMD.projectZero.controller.Database - Established customer table from connection: com.mysql.cj.jdbc.ConnectionImpl@57abad67
2021-08-02 13:19:49.811 [main] DEBUG com.github.JavacLMD.projectZero.controller.Database - Established pet table from connection: com.mysql.cj.jdbc.ConnectionImpl@57abad67
2021-08-02 13:22:11.748 [main] DEBUG com.github.JavacLMD.projectZero.controller.Database - Connection established to jdbc:mysql://localhost:3306/
2021-08-02 13:22:11.756 [main] DEBUG com.github.JavacLMD.projectZero.controller.Database - Established customer table from connection: com.mysql.cj.jdbc.ConnectionImpl@57abad67
2021-08-02 13:22:11.756 [main] DEBUG com.github.JavacLMD.projectZero.controller.Database - Established pet table from connection: com.mysql.cj.jdbc.ConnectionImpl@57abad67
2021-08-02 13:22:30.233 [main] DEBUG com.github.JavacLMD.projectZero.controller.Database - Connection established to jdbc:mysql://localhost:3306/
2021-08-02 13:22:30.240 [main] DEBUG com.github.JavacLMD.projectZero.controller.Database - Established customer table from connection: com.mysql.cj.jdbc.ConnectionImpl@57abad67
2021-08-02 13:22:30.241 [main] DEBUG com.github.JavacLMD.projectZero.controller.Database - Established pet table from connection: com.mysql.cj.jdbc.ConnectionImpl@57abad67
2021-08-02 13:43:54.551 [main] DEBUG com.github.JavacLMD.projectZero.controller.Database - Connection established to jdbc:mysql://localhost:3306/
2021-08-02 13:43:54.559 [main] DEBUG com.github.JavacLMD.projectZero.controller.Database - Established customer table from connection: com.mysql.cj.jdbc.ConnectionImpl@57abad67
2021-08-02 13:43:54.559 [main] DEBUG com.github.JavacLMD.projectZero.controller.Database - Established pet table from connection: com.mysql.cj.jdbc.ConnectionImpl@57abad67
2021-08-02 13:49:44.026 [main] DEBUG com.github.JavacLMD.projectZero.controller.Database - Connection established to jdbc:mysql://localhost:3306/
2021-08-02 13:49:44.033 [main] DEBUG com.github.JavacLMD.projectZero.controller.Database - Established customer table from connection: com.mysql.cj.jdbc.ConnectionImpl@57abad67
2021-08-02 13:49:44.034 [main] DEBUG com.github.JavacLMD.projectZero.controller.Database - Established pet table from connection: com.mysql.cj.jdbc.ConnectionImpl@57abad67
2021-08-02 14:03:49.236 [main] DEBUG com.github.JavacLMD.projectZero.controller.Database - Connection established to jdbc:mysql://localhost:3306/
2021-08-02 14:03:49.245 [main] DEBUG com.github.JavacLMD.projectZero.controller.Database - Established customer table from connection: com.mysql.cj.jdbc.ConnectionImpl@57abad67
2021-08-02 14:03:49.245 [main] DEBUG com.github.JavacLMD.projectZero.controller.Database - Established pet table from connection: com.mysql.cj.jdbc.ConnectionImpl@57abad67
2021-08-02 14:05:33.687 [main] DEBUG com.github.JavacLMD.projectZero.controller.Database - Connection established to jdbc:mysql://localhost:3306/
2021-08-02 14:05:33.695 [main] DEBUG com.github.JavacLMD.projectZero.controller.Database - Established customer table from connection: com.mysql.cj.jdbc.ConnectionImpl@57abad67
2021-08-02 14:05:33.695 [main] DEBUG com.github.JavacLMD.projectZero.controller.Database - Established pet table from connection: com.mysql.cj.jdbc.ConnectionImpl@57abad67
2021-08-02 14:08:01.448 [main] DEBUG com.github.JavacLMD.projectZero.controller.Database - Connection established to jdbc:mysql://localhost:3306/
2021-08-02 14:08:01.456 [main] DEBUG com.github.JavacLMD.projectZero.controller.Database - Established customer table from connection: com.mysql.cj.jdbc.ConnectionImpl@52851b44
2021-08-02 14:08:01.456 [main] DEBUG com.github.JavacLMD.projectZero.controller.Database - Established pet table from connection: com.mysql.cj.jdbc.ConnectionImpl@52851b44
2021-08-02 14:11:31.713 [main] DEBUG com.github.JavacLMD.projectZero.controller.Database - Connection established to jdbc:mysql://localhost:3306/
2021-08-02 14:11:31.721 [main] DEBUG com.github.JavacLMD.projectZero.controller.Database - Established customer table from connection: com.mysql.cj.jdbc.ConnectionImpl@52851b44
2021-08-02 14:11:31.721 [main] DEBUG com.github.JavacLMD.projectZero.controller.Database - Established pet table from connection: com.mysql.cj.jdbc.ConnectionImpl@52851b44
2021-08-02 14:11:48.456 [main] DEBUG com.github.JavacLMD.projectZero.controller.Database - Connection established to jdbc:mysql://localhost:3306/
2021-08-02 14:11:48.463 [main] DEBUG com.github.JavacLMD.projectZero.controller.Database - Established customer table from connection: com.mysql.cj.jdbc.ConnectionImpl@57abad67
2021-08-02 14:11:48.464 [main] DEBUG com.github.JavacLMD.projectZero.controller.Database - Established pet table from connection: com.mysql.cj.jdbc.ConnectionImpl@57abad67
2021-08-02 22:29:10.564 [main] ERROR com.github.JavacLMD.projectZero.controller.MySQL_DOA - java.sql.SQLException: No database selected
2021-08-03 11:05:03.872 [main] DEBUG com.github.JavacLMD.projectZero.view.CommandInterface - Prompt Confirmed: 0
2021-08-03 11:06:09.358 [main] DEBUG com.github.JavacLMD.projectZero.view.CommandInterface - Prompt Confirmed: 0
2021-08-03 11:06:11.637 [main] DEBUG com.github.JavacLMD.projectZero.view.CommandInterface - Prompt Confirmed: 1
2021-08-03 11:06:25.173 [main] DEBUG com.github.JavacLMD.projectZero.view.CommandInterface - Prompt Confirmed: search
2021-08-03 11:07:32.007 [main] DEBUG com.github.JavacLMD.projectZero.view.CommandInterface - Prompt Confirmed: Search
2021-08-03 11:10:09.355 [main] DEBUG com.github.JavacLMD.projectZero.view.CommandInterface - Prompt Confirmed: Search
2021-08-03 11:10:14.329 [main] DEBUG com.github.JavacLMD.projectZero.view.CommandInterface - Prompt Confirmed: Search
2021-08-03 11:10:26.747 [main] DEBUG com.github.JavacLMD.projectZero.view.CommandInterface - Prompt Confirmed: Quit
2021-08-03 11:17:56.860 [main] DEBUG com.github.JavacLMD.projectZero.view.CommandInterface - Prompt Confirmed: Quit
2021-08-03 11:18:54.617 [main] DEBUG com.github.JavacLMD.projectZero.view.CommandInterface - Prompt Confirmed: Select
2021-08-03 11:19:17.300 [main] DEBUG com.github.JavacLMD.projectZero.view.CommandInterface - Prompt Confirmed: Quit
2021-08-03 11:25:57.885 [main] DEBUG com.github.JavacLMD.projectZero.view.CommandInterface - Prompt Confirmed: Search
2021-08-03 11:26:03.494 [main] DEBUG com.github.JavacLMD.projectZero.view.CommandInterface - Prompt Confirmed: Yes
2021-08-03 11:26:27.923 [main] DEBUG com.github.JavacLMD.projectZero.view.CommandInterface - Prompt Confirmed: Quit
2021-08-03 11:28:48.132 [main] DEBUG com.github.JavacLMD.projectZero.view.CommandInterface - Prompt Confirmed: Search
2021-08-03 11:28:53.202 [main] DEBUG com.github.JavacLMD.projectZero.view.CommandInterface - Prompt Confirmed: Yes
2021-08-03 11:28:56.310 [main] DEBUG com.github.JavacLMD.projectZero.view.CommandInterface - Prompt Confirmed: Quit
2021-08-03 11:40:37.936 [main] DEBUG com.github.JavacLMD.projectZero.view.CommandInterface - Prompt Confirmed: Search
2021-08-03 11:40:40.483 [main] DEBUG com.github.JavacLMD.projectZero.view.CommandInterface - Prompt Confirmed: Customers
2021-08-03 11:44:34.723 [main] DEBUG com.github.JavacLMD.projectZero.view.CommandInterface - Prompt Confirmed: Search
2021-08-03 11:44:36.721 [main] DEBUG com.github.JavacLMD.projectZero.view.CommandInterface - Prompt Confirmed: Customers
2021-08-03 11:45:03.551 [main] DEBUG com.github.JavacLMD.projectZero.view.CommandInterface - Prompt Confirmed: Search
2021-08-03 11:45:05.686 [main] DEBUG com.github.JavacLMD.projectZero.view.CommandInterface - Prompt Confirmed: Customers
2021-08-03 11:45:20.945 [main] DEBUG com.github.JavacLMD.projectZero.view.CommandInterface - Prompt Confirmed: Search
2021-08-03 11:51:06.013 [main] DEBUG com.github.JavacLMD.projectZero.view.CommandInterface - Prompt Confirmed: Search
2021-08-03 11:51:07.348 [main] DEBUG com.github.JavacLMD.projectZero.view.CommandInterface - Prompt Confirmed: Customers
2021-08-03 11:52:46.345 [main] DEBUG com.github.JavacLMD.projectZero.view.CommandInterface - Prompt Confirmed: Search
2021-08-03 11:52:47.948 [main] DEBUG com.github.JavacLMD.projectZero.view.CommandInterface - Prompt Confirmed: Exit
2021-08-03 11:52:47.948 [main] INFO  com.github.JavacLMD.projectZero.view.CommandInterface - Exited Search Function!
2021-08-03 11:53:02.022 [main] DEBUG com.github.JavacLMD.projectZero.view.CommandInterface - Prompt Confirmed: Search
2021-08-03 11:53:04.094 [main] DEBUG com.github.JavacLMD.projectZero.view.CommandInterface - Prompt Confirmed: Customers
2021-08-03 11:54:44.677 [main] DEBUG com.github.JavacLMD.projectZero.view.CommandInterface - Prompt Confirmed: Search
2021-08-03 11:54:45.843 [main] DEBUG com.github.JavacLMD.projectZero.view.CommandInterface - Prompt Confirmed: Customers
2021-08-03 11:57:20.190 [main] DEBUG com.github.JavacLMD.projectZero.view.CommandInterface - Prompt Confirmed: Search
2021-08-03 11:57:21.375 [main] DEBUG com.github.JavacLMD.projectZero.view.CommandInterface - Prompt Confirmed: Customers
2021-08-03 12:00:09.321 [main] DEBUG com.github.JavacLMD.projectZero.view.CommandInterface - Prompt Confirmed: Search
2021-08-03 12:00:12.437 [main] DEBUG com.github.JavacLMD.projectZero.view.CommandInterface - Prompt Confirmed: Customers
2021-08-03 12:00:17.571 [main] DEBUG com.github.JavacLMD.projectZero.view.CommandInterface - Prompt Confirmed: Exit
2021-08-03 12:00:17.571 [main] INFO  com.github.JavacLMD.projectZero.view.CommandInterface - Exited Search Function!
2021-08-03 12:12:00.928 [main] DEBUG com.github.JavacLMD.projectZero.view.CommandInterface - Prompt Confirmed: Search
2021-08-03 12:12:03.309 [main] DEBUG com.github.JavacLMD.projectZero.view.CommandInterface - Prompt Confirmed: Customers
2021-08-03 12:12:38.923 [main] DEBUG com.github.JavacLMD.projectZero.view.CommandInterface - Prompt Confirmed: Customers
2021-08-03 12:16:04.803 [main] DEBUG com.github.JavacLMD.projectZero.view.CommandInterface - Prompt Confirmed: Search
2021-08-03 12:16:05.534 [main] DEBUG com.github.JavacLMD.projectZero.view.CommandInterface - Prompt Confirmed: Customers
2021-08-03 12:16:35.806 [main] DEBUG com.github.JavacLMD.projectZero.view.CommandInterface - Prompt Confirmed: Search
2021-08-03 12:16:36.734 [main] DEBUG com.github.JavacLMD.projectZero.view.CommandInterface - Prompt Confirmed: Customers
2021-08-03 12:18:19.876 [main] DEBUG com.github.JavacLMD.projectZero.view.CommandInterface - Prompt Confirmed: Search
2021-08-03 12:18:20.296 [main] DEBUG com.github.JavacLMD.projectZero.view.CommandInterface - Prompt Confirmed: Customers
2021-08-03 12:19:39.782 [main] DEBUG com.github.JavacLMD.projectZero.view.CommandInterface - Prompt Confirmed: Search
2021-08-03 12:19:40.447 [main] DEBUG com.github.JavacLMD.projectZero.view.CommandInterface - Prompt Confirmed: Customers
2021-08-03 12:19:48.280 [main] ERROR com.github.JavacLMD.projectZero.view.CommandInterface - No customer with matching results: realfakemail@live.com
2021-08-03 12:22:00.268 [main] DEBUG com.github.JavacLMD.projectZero.view.CommandInterface - Prompt Confirmed: Search
2021-08-03 12:22:03.667 [main] DEBUG com.github.JavacLMD.projectZero.view.CommandInterface - Prompt Confirmed: Pets
2021-08-03 12:22:10.607 [main] DEBUG com.github.JavacLMD.projectZero.view.CommandInterface - Prompt Confirmed: Exit
2021-08-03 12:22:10.607 [main] INFO  com.github.JavacLMD.projectZero.view.CommandInterface - Exited Search Function!
2021-08-03 12:22:28.273 [main] DEBUG com.github.JavacLMD.projectZero.view.CommandInterface - Prompt Confirmed: Select
2021-08-03 12:22:32.355 [main] DEBUG com.github.JavacLMD.projectZero.view.CommandInterface - Prompt Confirmed: Quit
2021-08-03 12:22:47.580 [main] DEBUG com.github.JavacLMD.projectZero.view.CommandInterface - Prompt Confirmed: Search
2021-08-03 12:22:49.010 [main] DEBUG com.github.JavacLMD.projectZero.view.CommandInterface - Prompt Confirmed: Pets
2021-08-03 12:23:33.123 [main] DEBUG com.github.JavacLMD.projectZero.view.CommandInterface - Prompt Confirmed: Pets
2021-08-03 12:23:51.622 [main] DEBUG com.github.JavacLMD.projectZero.view.CommandInterface - Prompt Confirmed: Exit
2021-08-03 12:23:51.622 [main] INFO  com.github.JavacLMD.projectZero.view.CommandInterface - Exited Search Function!
2021-08-03 12:23:53.323 [main] DEBUG com.github.JavacLMD.projectZero.view.CommandInterface - Prompt Confirmed: Quit
2021-08-03 16:25:21.712 [main] DEBUG com.github.JavacLMD.projectZero.view.CommandInterface - Prompt Confirmed: Select
2021-08-03 16:25:29.981 [main] DEBUG com.github.JavacLMD.projectZero.view.CommandInterface - Prompt Confirmed: Customers
2021-08-03 16:26:03.137 [main] DEBUG com.github.JavacLMD.projectZero.view.CommandInterface - Prompt Confirmed: Add Pet
2021-08-03 16:26:28.356 [main] DEBUG com.github.JavacLMD.projectZero.view.CommandInterface - Prompt Confirmed: Yes
2021-08-03 16:26:59.234 [main] DEBUG com.github.JavacLMD.projectZero.view.CommandInterface - Prompt Confirmed: Yes
2021-08-03 16:27:03.996 [main] DEBUG com.github.JavacLMD.projectZero.view.CommandInterface - Prompt Confirmed: Male
2021-08-03 16:27:06.991 [main] DEBUG com.github.JavacLMD.projectZero.view.CommandInterface - Prompt Confirmed: Yes
2021-08-03 16:27:56.744 [main] DEBUG com.github.JavacLMD.projectZero.view.CommandInterface - Prompt Confirmed: Yes
2021-08-03 16:28:19.082 [main] DEBUG com.github.JavacLMD.projectZero.view.CommandInterface - Prompt Confirmed: Yes
2021-08-03 16:28:40.889 [main] DEBUG com.github.JavacLMD.projectZero.view.CommandInterface - Prompt Confirmed: Yes
2021-08-03 16:28:48.939 [main] DEBUG com.github.JavacLMD.projectZero.view.CommandInterface - Prompt Confirmed: Yes
2021-08-03 16:29:08.942 [main] DEBUG com.github.JavacLMD.projectZero.view.CommandInterface - Prompt Confirmed: Male
2021-08-03 16:29:13.639 [main] DEBUG com.github.JavacLMD.projectZero.view.CommandInterface - Prompt Confirmed: Yes
2021-08-03 16:29:28.343 [main] DEBUG com.github.JavacLMD.projectZero.view.CommandInterface - Prompt Confirmed: No
2021-08-03 16:29:38.867 [main] DEBUG com.github.JavacLMD.projectZero.view.CommandInterface - Prompt Confirmed: Yes
2021-08-03 16:29:44.270 [main] DEBUG com.github.JavacLMD.projectZero.view.CommandInterface - Prompt Confirmed: No
2021-08-03 16:34:19.311 [main] DEBUG com.github.JavacLMD.projectZero.view.CommandInterface - Prompt Confirmed: Select
2021-08-03 16:34:35.828 [main] DEBUG com.github.JavacLMD.projectZero.view.CommandInterface - Prompt Confirmed: Select
2021-08-03 16:34:38.285 [main] DEBUG com.github.JavacLMD.projectZero.view.CommandInterface - Prompt Confirmed: Search
2021-08-03 16:35:56.676 [main] DEBUG com.github.JavacLMD.projectZero.view.CommandInterface - Prompt Confirmed: Search
2021-08-03 16:36:14.210 [main] DEBUG com.github.JavacLMD.projectZero.view.CommandInterface - Prompt Confirmed: Quit
2021-08-03 16:36:16.622 [main] DEBUG com.github.JavacLMD.projectZero.view.CommandInterface - Prompt Confirmed: Quit
2021-08-03 16:36:17.338 [main] DEBUG com.github.JavacLMD.projectZero.view.CommandInterface - Prompt Confirmed: Quit
2021-08-03 16:38:54.112 [main] DEBUG com.github.JavacLMD.projectZero.view.CommandInterface - Prompt Confirmed: Select
2021-08-03 16:38:58.035 [main] DEBUG com.github.JavacLMD.projectZero.view.CommandInterface - Prompt Confirmed: Customers
2021-08-03 16:39:15.652 [main] DEBUG com.github.JavacLMD.projectZero.view.CommandInterface - Prompt Confirmed: Add Pet
2021-08-03 16:40:34.832 [main] DEBUG com.github.JavacLMD.projectZero.view.CommandInterface - Prompt Confirmed: Male
2021-08-03 17:05:30.423 [main] DEBUG com.github.JavacLMD.projectZero.view.CommandInterface - Prompt Confirmed: Pets
2021-08-03 17:05:46.171 [main] DEBUG com.github.JavacLMD.projectZero.view.CommandInterface - Prompt Confirmed: Select
2021-08-03 17:05:50.717 [main] DEBUG com.github.JavacLMD.projectZero.view.CommandInterface - Prompt Confirmed: Pets
2021-08-03 17:06:04.104 [main] INFO  com.github.JavacLMD.projectZero.view.CommandInterface - Getting all pets!
2021-08-03 17:06:15.669 [main] DEBUG com.github.JavacLMD.projectZero.view.CommandInterface - Prompt Confirmed: Exit
2021-08-03 17:06:15.670 [main] INFO  com.github.JavacLMD.projectZero.view.CommandInterface - Exited Select Function!
2021-08-03 17:06:18.256 [main] DEBUG com.github.JavacLMD.projectZero.view.CommandInterface - Prompt Confirmed: Select
2021-08-03 17:06:20.451 [main] DEBUG com.github.JavacLMD.projectZero.view.CommandInterface - Prompt Confirmed: Customers
2021-08-03 17:06:30.847 [main] DEBUG com.github.JavacLMD.projectZero.view.CommandInterface - Prompt Confirmed: Print Pets
2021-08-03 18:51:27.438 [main] DEBUG com.github.JavacLMD.projectZero.view.CommandInterface - Prompt Confirmed: Search
2021-08-03 18:51:29.888 [main] DEBUG com.github.JavacLMD.projectZero.view.CommandInterface - Prompt Confirmed: Customers
2021-08-03 18:51:33.189 [main] DEBUG com.github.JavacLMD.projectZero.view.CommandInterface - Prompt Confirmed: Customers
2021-08-03 18:51:39.196 [main] DEBUG com.github.JavacLMD.projectZero.view.CommandInterface - No customer with matching results: kring@yahoo.com
2021-08-03 18:51:45.190 [main] DEBUG com.github.JavacLMD.projectZero.view.CommandInterface - Prompt Confirmed: Customers
2021-08-03 18:51:58.456 [main] DEBUG com.github.JavacLMD.projectZero.view.CommandInterface - Prompt Confirmed: Pets
2021-08-03 18:51:59.425 [main] INFO  com.github.JavacLMD.projectZero.view.CommandInterface - Getting all pets!
2021-08-03 18:52:03.224 [main] DEBUG com.github.JavacLMD.projectZero.view.CommandInterface - Prompt Confirmed: Pets
2021-08-03 18:52:07.864 [main] DEBUG com.github.JavacLMD.projectZero.view.CommandInterface - Getting pets associated with email: dorscherl@gmail.com
2021-08-03 18:52:12.144 [main] DEBUG com.github.JavacLMD.projectZero.view.CommandInterface - Prompt Confirmed: Exit
2021-08-03 18:52:12.144 [main] INFO  com.github.JavacLMD.projectZero.view.CommandInterface - Exited Search Function!
2021-08-03 18:52:15.578 [main] DEBUG com.github.JavacLMD.projectZero.view.CommandInterface - Prompt Confirmed: Select
2021-08-03 18:52:26.671 [main] DEBUG com.github.JavacLMD.projectZero.view.CommandInterface - Prompt Confirmed: Customers
2021-08-03 18:52:36.917 [main] DEBUG com.github.JavacLMD.projectZero.view.CommandInterface - Prompt Confirmed: Update Profile
2021-08-03 18:52:43.145 [main] DEBUG com.github.JavacLMD.projectZero.view.CommandInterface - Prompt Confirmed: Email
2021-08-03 18:52:51.812 [main] DEBUG com.github.JavacLMD.projectZero.view.CommandInterface - Email kring@gmail.com accepted!
2021-08-03 18:55:24.014 [main] DEBUG com.github.JavacLMD.projectZero.view.CommandInterface - Prompt Confirmed: Update Profile
2021-08-03 18:55:27.063 [main] DEBUG com.github.JavacLMD.projectZero.view.CommandInterface - Prompt Confirmed: Address
2021-08-03 18:56:02.136 [main] DEBUG com.github.JavacLMD.projectZero.view.CommandInterface - Prompt Confirmed: Print Pets
2021-08-03 18:56:05.820 [main] DEBUG com.github.JavacLMD.projectZero.view.CommandInterface - Prompt Confirmed: Add Pet
2021-08-03 18:56:55.213 [main] DEBUG com.github.JavacLMD.projectZero.view.CommandInterface - Prompt Confirmed: Male
2021-08-03 18:57:43.787 [main] DEBUG com.github.JavacLMD.projectZero.view.CommandInterface - Prompt Confirmed: Print Pets
2021-08-03 18:57:58.642 [main] DEBUG com.github.JavacLMD.projectZero.view.CommandInterface - Prompt Confirmed: Remove Pet
2021-08-03 18:58:06.061 [main] DEBUG com.github.JavacLMD.projectZero.view.CommandInterface - Prompt Confirmed: Exit
2021-08-03 18:58:08.128 [main] DEBUG com.github.JavacLMD.projectZero.view.CommandInterface - Prompt Confirmed: Exit
2021-08-03 18:58:08.129 [main] INFO  com.github.JavacLMD.projectZero.view.CommandInterface - Exited Select Function!
2021-08-03 18:58:09.346 [main] DEBUG com.github.JavacLMD.projectZero.view.CommandInterface - Prompt Confirmed: Quit
2021-08-03 19:03:05.130 [main] DEBUG com.github.JavacLMD.projectZero.view.CommandInterface - Prompt Confirmed: Select
2021-08-03 19:03:07.677 [main] DEBUG com.github.JavacLMD.projectZero.view.CommandInterface - Prompt Confirmed: Customers
2021-08-03 19:03:14.389 [main] DEBUG com.github.JavacLMD.projectZero.view.CommandInterface - Prompt Confirmed: Delete Profile
2021-08-03 19:04:19.449 [main] DEBUG com.github.JavacLMD.projectZero.view.CommandInterface - User selected 'Yes' to Are you sure you want to delete the selected customer?
2021-08-03 19:06:53.852 [main] DEBUG com.github.JavacLMD.projectZero.view.CommandInterface - Prompt Confirmed: Exit
2021-08-03 19:06:53.853 [main] INFO  com.github.JavacLMD.projectZero.view.CommandInterface - Exited Select Function!
2021-08-03 19:06:54.559 [main] DEBUG com.github.JavacLMD.projectZero.view.CommandInterface - Prompt Confirmed: Quit
2021-08-03 20:08:20.025 [main] DEBUG com.github.JavacLMD.projectZero.view.CommandInterface - Prompt Confirmed: Select
2021-08-03 20:08:21.904 [main] DEBUG com.github.JavacLMD.projectZero.view.CommandInterface - Prompt Confirmed: Pets
2021-08-03 20:08:24.491 [main] DEBUG com.github.JavacLMD.projectZero.view.CommandInterface - Getting pet by id: 1
2021-08-03 20:08:34.513 [main] DEBUG com.github.JavacLMD.projectZero.view.CommandInterface - Prompt Confirmed: Customers
2021-08-03 20:08:43.771 [main] DEBUG com.github.JavacLMD.projectZero.view.CommandInterface - Prompt Confirmed: Print Pets
2021-08-03 20:08:46.979 [main] DEBUG com.github.JavacLMD.projectZero.view.CommandInterface - Prompt Confirmed: Remove Pet
2021-08-03 20:11:56.891 [main] DEBUG com.github.JavacLMD.projectZero.view.CommandInterface - Prompt Confirmed: Exit
2021-08-03 20:11:56.891 [main] INFO  com.github.JavacLMD.projectZero.view.CommandInterface - Exited Select Function!
2021-08-03 20:11:59.720 [main] DEBUG com.github.JavacLMD.projectZero.view.CommandInterface - Prompt Confirmed: Search
2021-08-03 20:12:01.679 [main] DEBUG com.github.JavacLMD.projectZero.view.CommandInterface - Prompt Confirmed: Customers
2021-08-03 20:12:05.287 [main] DEBUG com.github.JavacLMD.projectZero.view.CommandInterface - Prompt Confirmed: Pets
2021-08-03 20:12:06.535 [main] INFO  com.github.JavacLMD.projectZero.view.CommandInterface - Getting all pets!
2021-08-03 20:12:10.004 [main] DEBUG com.github.JavacLMD.projectZero.view.CommandInterface - Prompt Confirmed: Exit
2021-08-03 20:12:10.005 [main] INFO  com.github.JavacLMD.projectZero.view.CommandInterface - Exited Search Function!
2021-08-03 20:12:11.927 [main] DEBUG com.github.JavacLMD.projectZero.view.CommandInterface - Prompt Confirmed: Select
2021-08-03 20:12:40.316 [main] DEBUG com.github.JavacLMD.projectZero.view.CommandInterface - Prompt Confirmed: Pets
2021-08-03 20:12:49.740 [main] INFO  com.github.JavacLMD.projectZero.view.CommandInterface - Getting all pets!
2021-08-03 20:12:53.629 [main] DEBUG com.github.JavacLMD.projectZero.view.CommandInterface - Prompt Confirmed: Pets
2021-08-03 20:12:58.897 [main] INFO  com.github.JavacLMD.projectZero.view.CommandInterface - Getting all pets!
2021-08-03 20:13:01.820 [main] DEBUG com.github.JavacLMD.projectZero.view.CommandInterface - Prompt Confirmed: Customers
2021-08-03 20:13:11.453 [main] DEBUG com.github.JavacLMD.projectZero.view.CommandInterface - User selected 'No' to Do you wish to select a new customer?
2021-08-03 20:13:11.453 [main] DEBUG com.github.JavacLMD.projectZero.view.CommandInterface - User kept current selection
2021-08-03 21:36:54.512 [main] DEBUG com.github.JavacLMD.projectZero.view.CommandInterface - Prompt Confirmed: Search
2021-08-03 21:36:55.922 [main] DEBUG com.github.JavacLMD.projectZero.view.CommandInterface - Prompt Confirmed: Pets
2021-08-03 21:37:02.579 [main] DEBUG com.github.JavacLMD.projectZero.view.CommandInterface - Getting pets associated with email: dorscherl@gmail.com
2021-08-03 21:37:13.389 [main] DEBUG com.github.JavacLMD.projectZero.view.CommandInterface - Prompt Confirmed: Customers
2021-08-03 21:37:19.488 [main] DEBUG com.github.JavacLMD.projectZero.view.CommandInterface - Prompt Confirmed: Exit
2021-08-03 21:37:19.488 [main] INFO  com.github.JavacLMD.projectZero.view.CommandInterface - Exited Search Function!
2021-08-03 21:37:21.890 [main] DEBUG com.github.JavacLMD.projectZero.view.CommandInterface - Prompt Confirmed: Select
2021-08-03 21:37:23.370 [main] DEBUG com.github.JavacLMD.projectZero.view.CommandInterface - Prompt Confirmed: Customers
2021-08-03 21:37:35.810 [main] DEBUG com.github.JavacLMD.projectZero.view.CommandInterface - Prompt Confirmed: Print Profile
2021-08-03 21:37:45.257 [main] DEBUG com.github.JavacLMD.projectZero.view.CommandInterface - Prompt Confirmed: Update Pet
2021-08-03 21:39:56.696 [main] DEBUG com.github.JavacLMD.projectZero.view.CommandInterface - Prompt Confirmed: Select
2021-08-03 21:40:01.045 [main] DEBUG com.github.JavacLMD.projectZero.view.CommandInterface - Prompt Confirmed: Customers
2021-08-03 21:40:29.098 [main] DEBUG com.github.JavacLMD.projectZero.view.CommandInterface - Prompt Confirmed: Print Pets
2021-08-03 21:40:39.019 [main] DEBUG com.github.JavacLMD.projectZero.view.CommandInterface - Prompt Confirmed: Update Pet
2021-08-03 21:40:46.242 [main] DEBUG com.github.JavacLMD.projectZero.view.CommandInterface - Prompt Confirmed: Gender
2021-08-03 21:40:47.964 [main] DEBUG com.github.JavacLMD.projectZero.view.CommandInterface - Prompt Confirmed: Male
2021-08-03 21:40:53.376 [main] DEBUG com.github.JavacLMD.projectZero.view.CommandInterface - Prompt Confirmed: Breed
2021-08-03 21:40:58.315 [main] ERROR com.github.JavacLMD.projectZero.controller.MySQL_DOA - java.sql.SQLException: Parameter index out of range (6 > number of parameters, which is 5).
2021-08-03 21:41:42.696 [main] DEBUG com.github.JavacLMD.projectZero.view.CommandInterface - Prompt Confirmed: Print Pets
2021-08-03 21:43:23.277 [main] DEBUG com.github.JavacLMD.projectZero.view.CommandInterface - Prompt Confirmed: Select
2021-08-03 21:43:25.602 [main] DEBUG com.github.JavacLMD.projectZero.view.CommandInterface - Prompt Confirmed: Customers
2021-08-03 21:43:30.075 [main] DEBUG com.github.JavacLMD.projectZero.view.CommandInterface - Prompt Confirmed: Print Pets
2021-08-03 21:43:35.165 [main] DEBUG com.github.JavacLMD.projectZero.view.CommandInterface - Prompt Confirmed: Update Pet
2021-08-03 21:43:41.246 [main] DEBUG com.github.JavacLMD.projectZero.view.CommandInterface - Prompt Confirmed: Breed
2021-08-03 21:44:35.951 [main] DEBUG com.github.JavacLMD.projectZero.view.CommandInterface - Prompt Confirmed: Print Pets
2021-08-03 21:47:30.933 [main] DEBUG com.github.JavacLMD.projectZero.view.CommandInterface - Prompt Confirmed: Select
2021-08-03 21:47:32.409 [main] DEBUG com.github.JavacLMD.projectZero.view.CommandInterface - Prompt Confirmed: Customers
2021-08-03 21:47:35.956 [main] DEBUG com.github.JavacLMD.projectZero.view.CommandInterface - Prompt Confirmed: Print Pets
2021-08-03 21:48:42.353 [main] DEBUG com.github.JavacLMD.projectZero.view.CommandInterface - Prompt Confirmed: Update Pet
2021-08-03 21:48:54.739 [main] DEBUG com.github.JavacLMD.projectZero.view.CommandInterface - Prompt Confirmed: Gender
2021-08-03 21:48:56.874 [main] DEBUG com.github.JavacLMD.projectZero.view.CommandInterface - Prompt Confirmed: Male
2021-08-03 21:49:06.650 [main] DEBUG com.github.JavacLMD.projectZero.view.CommandInterface - Prompt Confirmed: Finish
2021-08-03 21:49:59.163 [main] DEBUG com.github.JavacLMD.projectZero.view.CommandInterface - Prompt Confirmed: Exit
2021-08-03 21:50:01.599 [main] DEBUG com.github.JavacLMD.projectZero.view.CommandInterface - Prompt Confirmed: Exit
2021-08-03 21:50:01.599 [main] INFO  com.github.JavacLMD.projectZero.view.CommandInterface - Exited Select Function!
2021-08-03 21:50:02.445 [main] DEBUG com.github.JavacLMD.projectZero.view.CommandInterface - Prompt Confirmed: Quit
2021-08-03 22:12:27.289 [main] DEBUG com.github.JavacLMD.projectZero.view.CommandInterface - Prompt Confirmed: Add
2021-08-03 22:12:31.285 [main] DEBUG com.github.JavacLMD.projectZero.view.CommandInterface - Prompt Confirmed: Name
2021-08-03 22:14:12.872 [main] DEBUG com.github.JavacLMD.projectZero.view.CommandInterface - Prompt Confirmed: Email
2021-08-03 22:14:29.541 [main] DEBUG com.github.JavacLMD.projectZero.view.CommandInterface - Email romerog@outlook.com accepted!
2021-08-03 22:14:33.421 [main] DEBUG com.github.JavacLMD.projectZero.view.CommandInterface - Prompt Confirmed: Phone Number
2021-08-03 22:14:44.399 [main] DEBUG com.github.JavacLMD.projectZero.view.CommandInterface - Prompt Confirmed: Gender
2021-08-03 22:14:46.657 [main] DEBUG com.github.JavacLMD.projectZero.view.CommandInterface - Prompt Confirmed: Male
2021-08-03 22:14:51.022 [main] DEBUG com.github.JavacLMD.projectZero.view.CommandInterface - Prompt Confirmed: Finish
2021-08-03 22:15:08.529 [main] DEBUG com.github.JavacLMD.projectZero.view.CommandInterface - Prompt Confirmed: Search
2021-08-03 22:15:10.706 [main] DEBUG com.github.JavacLMD.projectZero.view.CommandInterface - Prompt Confirmed: Customers
2021-08-03 22:15:24.874 [main] DEBUG com.github.JavacLMD.projectZero.view.CommandInterface - Prompt Confirmed: Exit
2021-08-03 22:15:24.874 [main] INFO  com.github.JavacLMD.projectZero.view.CommandInterface - Exited Search Function!
2021-08-03 22:15:30.638 [main] DEBUG com.github.JavacLMD.projectZero.view.CommandInterface - Prompt Confirmed: Remove
2021-08-03 22:15:36.661 [main] DEBUG com.github.JavacLMD.projectZero.view.CommandInterface - User selected 'Yes' to Are you sure you want to delete the selected customer?
2021-08-03 22:15:42.670 [main] DEBUG com.github.JavacLMD.projectZero.view.CommandInterface - Prompt Confirmed: Search
2021-08-03 22:15:44.432 [main] DEBUG com.github.JavacLMD.projectZero.view.CommandInterface - Prompt Confirmed: Customers
